(---------------------------------------------------------------------)
(                                                                     )
(    Allegro Netrev Import Logic                                      )
(                                                                     )
(    Drawing          : LAYOUT.brd                                    )
(    Software Version : 16.6P004                                      )
(    Date/Time        : Wed Dec 04 20:44:55 2024                      )
(                                                                     )
(---------------------------------------------------------------------)


------ Directives ------

RIPUP_ETCH FALSE;
RIPUP_DELETE_FIRST_SEGMENT FALSE;
RIPUP_RETAIN_BONDWIRE FALSE;
RIPUP_SYMBOLS ALWAYS;
Missing symbol has error FALSE;
SCHEMATIC_DIRECTORY 'D:\FACULTATE\PROIECTE\P1\2024\PCB7\P1\allegro';
BOARD_DIRECTORY '';
OLD_BOARD_NAME 'D:/Facultate/proiecte/p1/2024/pcb7/P1/allegro/LAYOUT.brd';
NEW_BOARD_NAME 'LAYOUT.brd';

CmdLine: netrev.exe -y 1 -z -i D:\FACULTATE\PROIECTE\P1\2024\PCB7\P1\allegro D:\Facultate\proiecte\p1\2024\pcb7\P1\allegro\LAYOUT.brd D:\FACULTATE\PROIECTE\P1\2024\PCB7\P1\allegro\LAYOUT.brd

------ Preparing to read pst files ------

Starting to read D:/FACULTATE/PROIECTE/P1/2024/PCB7/P1/allegro/pstchip.dat 
   Finished reading D:/FACULTATE/PROIECTE/P1/2024/PCB7/P1/allegro/pstchip.dat (00:00:00.09)
Starting to read D:/FACULTATE/PROIECTE/P1/2024/PCB7/P1/allegro/pstxprt.dat 
   Finished reading D:/FACULTATE/PROIECTE/P1/2024/PCB7/P1/allegro/pstxprt.dat (00:00:00.00)
Starting to read D:/FACULTATE/PROIECTE/P1/2024/PCB7/P1/allegro/pstxnet.dat 
   Finished reading D:/FACULTATE/PROIECTE/P1/2024/PCB7/P1/allegro/pstxnet.dat (00:00:00.00)

------ Oversights/Warnings/Errors ------


------ Library Paths ------
MODULEPATH =  . 
           C:/Cadence/SPB_16.6/share/local/pcb/modules 

PSMPATH =  . 
           symbols 
           .. 
           ../symbols 
           C:/Cadence/SPB_16.6/share/local/pcb/symbols 
           C:/Cadence/SPB_16.6/share/pcb/pcb_lib/symbols 
           C:/Cadence/SPB_16.6/share/pcb/allegrolib/symbols 

PADPATH =  . 
           symbols 
           .. 
           ../symbols 
           C:/Cadence/SPB_16.6/share/local/pcb/padstacks 
           C:/Cadence/SPB_16.6/share/pcb/pcb_lib/symbols 
           C:/Cadence/SPB_16.6/share/pcb/allegrolib/symbols 


------ Summary Statistics ------


netrev run on Dec 4 20:44:55 2024
   DESIGN NAME : 'P1_V2'
   PACKAGING ON Sep 10 2012 04:46:09

   COMPILE 'logic'
   CHECK_PIN_NAMES OFF
   CROSS_REFERENCE OFF
   FEEDBACK OFF
   INCREMENTAL OFF
   INTERFACE_TYPE PHYSICAL
   MAX_ERRORS 500
   MERGE_MINIMUM 5
   NET_NAME_CHARS '#%&()*+-./:=>?@[]^_`|'
   NET_NAME_LENGTH 24
   OVERSIGHTS ON
   REPLACE_CHECK OFF
   SINGLE_NODE_NETS ON
   SPLIT_MINIMUM 0
   SUPPRESS   20
   WARNINGS ON

 No error detected
 No oversight detected
 No warning detected

cpu time      0:01:00
elapsed time  0:00:01

